<?xml version="1.0" encoding="UTF-8"?>
<!-- Generated by org.testng.reporters.JUnitXMLReporter -->
<testsuite ignored="0" hostname="LAPTOP-33JDKDRM" failures="0" tests="4" name="Test" time="25.632" errors="0" timestamp="2023-06-26T10:02:48 IST">
  <testcase classname="Test_Classes.Post_TC1" name="extractor" time="9.127"/>
  <testcase classname="Test_Classes.Put_TC1" name="extractor" time="7.224"/>
  <testcase classname="Test_Classes.Patch_TC1" name="extractor" time="5.168"/>
  <testcase classname="Test_Classes.Post_Retry_TC" name="extractor" time="3.97"/>
</testsuite> <!-- Test -->
