<?xml version="1.0" encoding="UTF-8"?>
<testng-results ignored="0" total="4" passed="4" failed="0" skipped="0">
  <reporter-output>
  </reporter-output>
  <suite started-at="2023-06-26T10:02:23 IST" name="Suite" finished-at="2023-06-26T10:02:48 IST" duration-ms="25632">
    <groups>
    </groups>
    <test started-at="2023-06-26T10:02:23 IST" name="Test" finished-at="2023-06-26T10:02:48 IST" duration-ms="25632">
      <class name="Test_Classes.Patch_TC1">
        <test-method signature="extractor()[pri:0, instance:Test_Classes.Patch_TC1@345f69f3]" started-at="2023-06-26T10:02:39 IST" name="extractor" finished-at="2023-06-26T10:02:44 IST" duration-ms="5168" status="PASS">
          <reporter-output>
          </reporter-output>
        </test-method> <!-- extractor -->
      </class> <!-- Test_Classes.Patch_TC1 -->
      <class name="Test_Classes.Post_TC1">
        <test-method signature="extractor()[pri:0, instance:Test_Classes.Post_TC1@20ca951f]" started-at="2023-06-26T10:02:23 IST" name="extractor" finished-at="2023-06-26T10:02:32 IST" duration-ms="9127" status="PASS">
          <reporter-output>
          </reporter-output>
        </test-method> <!-- extractor -->
      </class> <!-- Test_Classes.Post_TC1 -->
      <class name="Test_Classes.Put_TC1">
        <test-method signature="extractor()[pri:0, instance:Test_Classes.Put_TC1@457c9034]" started-at="2023-06-26T10:02:32 IST" name="extractor" finished-at="2023-06-26T10:02:39 IST" duration-ms="7224" status="PASS">
          <reporter-output>
          </reporter-output>
        </test-method> <!-- extractor -->
      </class> <!-- Test_Classes.Put_TC1 -->
      <class name="Test_Classes.Post_Retry_TC">
        <test-method signature="extractor()[pri:0, instance:Test_Classes.Post_Retry_TC@50de186c]" started-at="2023-06-26T10:02:44 IST" name="extractor" finished-at="2023-06-26T10:02:48 IST" duration-ms="3970" status="PASS">
          <reporter-output>
          </reporter-output>
        </test-method> <!-- extractor -->
      </class> <!-- Test_Classes.Post_Retry_TC -->
    </test> <!-- Test -->
  </suite> <!-- Suite -->
</testng-results>
